
---

## 🔍 creating the file

> **Timestamp:** `2026-06-15 16:50:21`

### 01. `sudo mkdir -p /projects/devops/secrets`

```bash
sudo mkdir -p /projects/devops/secrets
```

**Output:**

```text
```

### 02. `sudo touch /projects/devops/secrets/db-credentials.conf`

```bash
sudo touch /projects/devops/secrets/db-credentials.conf
```

**Output:**

```text
```


---

## 🔍 Check ownership and permissions

> **Timestamp:** `2026-06-15 17:23:13`

### 01. `ls -la /projects/devops/secrets/db-credentials.conf`

```bash
ls -la /projects/devops/secrets/db-credentials.conf
```

**Output:**

```text
-rw------- 1 devops-user devops-user 0 Jun 15 16:50 /projects/devops/secrets/db-credentials.conf
```

---

## 🔍 Checking the content

> **Timestamp:** `2026-06-15 17:28:18`

### 01. `sudo cat /projects/devops/secrets/db-credentials.conf`

```bash
sudo cat /projects/devops/secrets/db-credentials.conf
```

**Output:**

```text
DB_HOST=localhost
DB_NAME=production
DB_USER=appuser
DB_PASSWORD=supersecretpassword123
```

