### 🔍 Verifying OS Distribution and Kernel Version
*   **Timestamp**: 2026-06-09 22:06:14
*   **Command Run**:
    ```bash
    cat /etc/os-release
    ```
*   **Console Output**:
    ```text
    PRETTY_NAME="Ubuntu 24.04.4 LTS"
    NAME="Ubuntu"
    VERSION_ID="24.04"
    VERSION="24.04.4 LTS (Noble Numbat)"
    VERSION_CODENAME=noble
    ID=ubuntu
    ID_LIKE=debian
    HOME_URL="https://www.ubuntu.com/"
    SUPPORT_URL="https://help.ubuntu.com/"
    BUG_REPORT_URL="https://bugs.launchpad.net/ubuntu/"
    PRIVACY_POLICY_URL="https://www.ubuntu.com/legal/terms-and-policies/privacy-policy"
    UBUNTU_CODENAME=noble
    LOGO=ubuntu-logo
    ```

### 🔍 Verifying OS Distribution and Kernel Version
*   **Timestamp**: 2026-06-09 22:06:38
*   **Command Run**:
    ```bash
    lsb_release -a
    ```
*   **Console Output**:
    ```text
    Distributor ID:	Ubuntu
    Description:	Ubuntu 24.04.4 LTS
    Release:	24.04
    Codename:	noble
    ```

### 🔍 Verifying OS Distribution and Kernel Version
*   **Timestamp**: 2026-06-09 22:07:02
*   **Command Run**:
    ```bash
    uname -a
    ```
*   **Console Output**:
    ```text
    Linux ELDAVED-GLOBAL 6.6.114.1-microsoft-standard-WSL2 #1 SMP PREEMPT_DYNAMIC Mon Dec  1 20:46:23 UTC 2025 x86_64 x86_64 x86_64 GNU/Linux
    ```

### 🔍 Auditing System Hardware & Resources
*   **Timestamp**: 2026-06-09 22:08:12
*   **Command Run**:
    ```bash
    free -h
    ```
*   **Console Output**:
    ```text
                   total        used        free      shared  buff/cache   available
    Mem:           7.7Gi       581Mi       6.7Gi        23Mi       608Mi       7.1Gi
    Swap:          2.0Gi          0B       2.0Gi
    ```

### 🔍 Auditing System Hardware & Resources
*   **Timestamp**: 2026-06-09 22:09:08
*   **Command Run**:
    ```bash
    df -h
    ```
*   **Console Output**:
    ```text
    Filesystem      Size  Used Avail Use% Mounted on
    none            3.9G     0  3.9G   0% /usr/lib/modules/6.6.114.1-microsoft-standard-WSL2
    none            3.9G  4.0K  3.9G   1% /mnt/wsl
    drivers         477G  242G  235G  51% /usr/lib/wsl/drivers
    /dev/sdd       1007G  1.4G  955G   1% /
    none            3.9G   32K  3.9G   1% /mnt/wslg
    none            3.9G     0  3.9G   0% /usr/lib/wsl/lib
    rootfs          3.9G  2.8M  3.9G   1% /init
    none            3.9G  512K  3.9G   1% /run
    none            3.9G     0  3.9G   0% /run/lock
    none            3.9G     0  3.9G   0% /run/shm
    none            3.9G   80K  3.9G   1% /mnt/wslg/versions.txt
    none            3.9G   80K  3.9G   1% /mnt/wslg/doc
    C:\             477G  242G  235G  51% /mnt/c
    tmpfs           787M   20K  787M   1% /run/user/1000
    ```

### 🔍 Auditing System Hardware & Resources
*   **Timestamp**: 2026-06-09 22:09:40
*   **Command Run**:
    ```bash
    nproc
    ```
*   **Console Output**:
    ```text
    8
    ```

### 🔍 Auditing System Hardware & Resources
*   **Timestamp**: 2026-06-09 22:10:17
*   **Command Run**:
    ```bash
    lscpu | grep 'Model name'
    ```
*   **Console Output**:
    ```text
    Model name:                              Intel(R) Core(TM) i7-7700HQ CPU @ 2.80GHz
    ```

### 🔍 Auditing System Hardware & Resources
*   **Timestamp**: 2026-06-09 22:10:35
*   **Command Run**:
    ```bash
    uptime
    ```
*   **Console Output**:
    ```text
     22:10:35 up 39 min,  1 user,  load average: 0.18, 0.68, 0.83
    ```

